#
# There is insufficient memory for the Java Runtime Environment to continue.
# Native memory allocation (mmap) failed to map 268435456 bytes for Failed to commit area from 0x0000000701800000 to 0x0000000711800000 of length 268435456.
# Possible reasons:
#   The system is out of physical RAM or swap space
#   The process is running with CompressedOops enabled, and the Java Heap may be blocking the growth of the native heap
# Possible solutions:
#   Reduce memory load on the system
#   Increase physical memory or swap space
#   Check if swap backing store is full
#   Decrease Java heap size (-Xmx/-Xms)
#   Decrease number of Java threads
#   Decrease Java thread stack sizes (-Xss)
#   Set larger code cache with -XX:ReservedCodeCacheSize=
# This output file may be truncated or incomplete.
#
#  Out of Memory Error (./src/hotspot/os/windows/os_windows.cpp:3511), pid=3396, tid=1208
#
# JRE version:  (11.0.11+9) (build )
# Java VM: OpenJDK 64-Bit Server VM (11.0.11+9-b1504.16, mixed mode, sharing, tiered, compressed oops, g1 gc, windows-amd64)
# No core dump will be written. Minidumps are not enabled by default on client versions of Windows
#

---------------  S U M M A R Y ------------

Command Line: git4idea.http.GitAskPassApp Username for 'https://github.com': 

Host: AMD FX(tm)-8350 Eight-Core Processor           , 8 cores, 15G,  Windows 10 , 64 bit Build 19041 (10.0.19041.1706)
Time: Sun May 29 00:49:03 2022 Новосибирское стандартное время elapsed time: 0.048427 seconds (0d 0h 0m 0s)

---------------  T H R E A D  ---------------

Current thread (0x000001d4e749a800):  JavaThread "Unknown thread" [_thread_in_vm, id=1208, stack(0x000000b7f8600000,0x000000b7f8700000)]

Stack: [0x000000b7f8600000,0x000000b7f8700000]
Native frames: (J=compiled Java code, j=interpreted, Vv=VM code, C=native code)
V  [jvm.dll+0x5f5d5a]
V  [jvm.dll+0x7798b5]
V  [jvm.dll+0x77aecd]
V  [jvm.dll+0x77b583]
V  [jvm.dll+0x244978]
V  [jvm.dll+0x5f3174]
V  [jvm.dll+0x5e7d55]
V  [jvm.dll+0x30068b]
V  [jvm.dll+0x3005fa]
V  [jvm.dll+0x3004d2]
V  [jvm.dll+0x3053c6]
V  [jvm.dll+0x34e0a3]
V  [jvm.dll+0x34e7a6]
V  [jvm.dll+0x34e1a3]
V  [jvm.dll+0x2db0c8]
V  [jvm.dll+0x2dc267]
V  [jvm.dll+0x758057]
V  [jvm.dll+0x75984c]
V  [jvm.dll+0x35b659]
V  [jvm.dll+0x73b67e]
V  [jvm.dll+0x3c39f3]
V  [jvm.dll+0x3c5dd1]
C  [jli.dll+0x5373]
C  [ucrtbase.dll+0x21bb2]
C  [KERNEL32.DLL+0x17034]
C  [ntdll.dll+0x52651]


---------------  P R O C E S S  ---------------

Threads class SMR info:
_java_thread_list=0x000001d4e59d0fe0, length=0, elements={
}

Java Threads: ( => current thread )

Other Threads:
  0x000001d4e74b1000 GCTaskThread "GC Thread#0" [stack: 0x000000b7f8700000,0x000000b7f8800000] [id=17060]
  0x000001d4e7511000 ConcurrentGCThread "G1 Main Marker" [stack: 0x000000b7f8800000,0x000000b7f8900000] [id=11012]
  0x000001d4e7512800 ConcurrentGCThread "G1 Conc#0" [stack: 0x000000b7f8900000,0x000000b7f8a00000] [id=13780]

[error occurred during error reporting (printing all threads), id 0xc0000005, EXCEPTION_ACCESS_VIOLATION (0xc0000005) at pc=0x00007ffa1c3fb8f7]

VM state:not at safepoint (not fully initialized)

VM Mutex/Monitor currently owned by a thread:  ([mutex/lock_event])
[0x000001d4e74969e0] Heap_lock - owner thread: 0x000001d4e749a800

Heap address: 0x0000000701800000, size: 4072 MB, Compressed Oops mode: Non-zero based: 0x0000000701800000
Narrow klass base: 0x0000000000000000, Narrow klass shift: 0

GC Heap History (0 events):
No events

Deoptimization events (0 events):
No events

Classes redefined (0 events):
No events

Internal exceptions (0 events):
No events

Events (1 events):
Event: 0.033 Loaded shared library D:\Program Files (x86)\WebStorm 2021.2.1\jbr\bin\zip.dll


Dynamic libraries:
0x00007ff785c20000 - 0x00007ff785c2a000 	D:\Program Files (x86)\WebStorm 2021.2.1\jbr\bin\java.exe
0x00007ffa6b170000 - 0x00007ffa6b365000 	C:\WINDOWS\SYSTEM32\ntdll.dll
0x00007ffa691d0000 - 0x00007ffa6928d000 	C:\WINDOWS\System32\KERNEL32.DLL
0x00007ffa68900000 - 0x00007ffa68bcd000 	C:\WINDOWS\System32\KERNELBASE.dll
0x00007ffa68ce0000 - 0x00007ffa68de0000 	C:\WINDOWS\System32\ucrtbase.dll
0x00007ffa4d6f0000 - 0x00007ffa4d709000 	D:\Program Files (x86)\WebStorm 2021.2.1\jbr\bin\jli.dll
0x00007ffa46ed0000 - 0x00007ffa46ee7000 	D:\Program Files (x86)\WebStorm 2021.2.1\jbr\bin\VCRUNTIME140.dll
0x00007ffa6a1a0000 - 0x00007ffa6a340000 	C:\WINDOWS\System32\USER32.dll
0x00007ffa688d0000 - 0x00007ffa688f2000 	C:\WINDOWS\System32\win32u.dll
0x00007ffa56940000 - 0x00007ffa56bda000 	C:\WINDOWS\WinSxS\amd64_microsoft.windows.common-controls_6595b64144ccf1df_6.0.19041.1110_none_60b5254171f9507e\COMCTL32.dll
0x00007ffa6a170000 - 0x00007ffa6a19a000 	C:\WINDOWS\System32\GDI32.dll
0x00007ffa6ad80000 - 0x00007ffa6ae1e000 	C:\WINDOWS\System32\msvcrt.dll
0x00007ffa68f50000 - 0x00007ffa6905b000 	C:\WINDOWS\System32\gdi32full.dll
0x00007ffa68c40000 - 0x00007ffa68cdd000 	C:\WINDOWS\System32\msvcp_win.dll
0x00007ffa6a0e0000 - 0x00007ffa6a110000 	C:\WINDOWS\System32\IMM32.DLL
0x00007ffa37e10000 - 0x00007ffa37ead000 	D:\Program Files (x86)\WebStorm 2021.2.1\jbr\bin\msvcp140.dll
0x00007ffa1c110000 - 0x00007ffa1cc5a000 	D:\Program Files (x86)\WebStorm 2021.2.1\jbr\bin\server\jvm.dll
0x00007ffa69620000 - 0x00007ffa696ce000 	C:\WINDOWS\System32\ADVAPI32.dll
0x00007ffa6a040000 - 0x00007ffa6a0dc000 	C:\WINDOWS\System32\sechost.dll
0x00007ffa69730000 - 0x00007ffa69855000 	C:\WINDOWS\System32\RPCRT4.dll
0x00007ffa6ad70000 - 0x00007ffa6ad78000 	C:\WINDOWS\System32\PSAPI.DLL
0x00007ffa626f0000 - 0x00007ffa626fa000 	C:\WINDOWS\SYSTEM32\VERSION.dll
0x00007ffa558d0000 - 0x00007ffa558d9000 	C:\WINDOWS\SYSTEM32\WSOCK32.dll
0x00007ffa6a340000 - 0x00007ffa6a3ab000 	C:\WINDOWS\System32\WS2_32.dll
0x00007ffa5bf00000 - 0x00007ffa5bf27000 	C:\WINDOWS\SYSTEM32\WINMM.dll
0x00007ffa66760000 - 0x00007ffa66772000 	C:\WINDOWS\SYSTEM32\kernel.appcore.dll
0x00007ffa53980000 - 0x00007ffa53991000 	D:\Program Files (x86)\WebStorm 2021.2.1\jbr\bin\verify.dll
0x00007ffa57ec0000 - 0x00007ffa580a4000 	C:\WINDOWS\SYSTEM32\DBGHELP.DLL
0x00007ffa52e70000 - 0x00007ffa52e9c000 	C:\WINDOWS\SYSTEM32\dbgcore.DLL
0x00007ffa68de0000 - 0x00007ffa68e62000 	C:\WINDOWS\System32\bcryptPrimitives.dll
0x00007ffa4a7e0000 - 0x00007ffa4a809000 	D:\Program Files (x86)\WebStorm 2021.2.1\jbr\bin\java.dll
0x00007ffa53960000 - 0x00007ffa5396b000 	D:\Program Files (x86)\WebStorm 2021.2.1\jbr\bin\jimage.dll
0x00007ffa538f0000 - 0x00007ffa53908000 	D:\Program Files (x86)\WebStorm 2021.2.1\jbr\bin\zip.dll

dbghelp: loaded successfully - version: 4.0.5 - missing functions: none
symbol engine: initialized successfully - sym options: 0x614 - pdb path: .;D:\Program Files (x86)\WebStorm 2021.2.1\jbr\bin;C:\WINDOWS\SYSTEM32;C:\WINDOWS\WinSxS\amd64_microsoft.windows.common-controls_6595b64144ccf1df_6.0.19041.1110_none_60b5254171f9507e;D:\Program Files (x86)\WebStorm 2021.2.1\jbr\bin\server

VM Arguments:
java_command: git4idea.http.GitAskPassApp Username for 'https://github.com': 
java_class_path (initial): D:/Program Files (x86)/WebStorm 2021.2.1/plugins/git4idea/lib/git4idea-rt.jar;D:/Program Files (x86)/WebStorm 2021.2.1/lib/3rd-party.jar
Launcher Type: SUN_STANDARD

[Global flags]
     intx CICompilerCount                          = 4                                         {product} {ergonomic}
     uint ConcGCThreads                            = 2                                         {product} {ergonomic}
     uint G1ConcRefinementThreads                  = 8                                         {product} {ergonomic}
   size_t G1HeapRegionSize                         = 1048576                                   {product} {ergonomic}
    uintx GCDrainStackTargetSize                   = 64                                        {product} {ergonomic}
   size_t InitialHeapSize                          = 268435456                                 {product} {ergonomic}
   size_t MarkStackSize                            = 4194304                                   {product} {ergonomic}
   size_t MaxHeapSize                              = 4269801472                                {product} {ergonomic}
   size_t MinHeapDeltaBytes                        = 1048576                                   {product} {ergonomic}
    uintx NonNMethodCodeHeapSize                   = 5836300                                {pd product} {ergonomic}
    uintx NonProfiledCodeHeapSize                  = 122910970                              {pd product} {ergonomic}
    uintx ProfiledCodeHeapSize                     = 122910970                              {pd product} {ergonomic}
    uintx ReservedCodeCacheSize                    = 251658240                              {pd product} {ergonomic}
     bool SegmentedCodeCache                       = true                                      {product} {ergonomic}
     bool UseCompressedClassPointers               = true                                 {lp64_product} {ergonomic}
     bool UseCompressedOops                        = true                                 {lp64_product} {ergonomic}
     bool UseG1GC                                  = true                                      {product} {ergonomic}
     bool UseLargePagesIndividualAllocation        = false                                  {pd product} {ergonomic}

Logging:
Log output configuration:
 #0: stdout all=warning uptime,level,tags
 #1: stderr all=off uptime,level,tags

Environment Variables:
PATH=D:\Git\mingw64\libexec\git-core;D:\Git\mingw64\libexec\git-core;D:\Git\mingw64\bin;D:\Git\usr\bin;C:\Users\User\bin;C:\Windows\system32;C:\Windows;C:\Windows\System32\Wbem;C:\Windows\System32\WindowsPowerShell\v1.0;C:\Windows\System32\OpenSSH;C:\Program Files (x86)\NVIDIA Corporation\PhysX\Common;C:\WINDOWS\system32;C:\WINDOWS;C:\WINDOWS\System32\Wbem;C:\WINDOWS\System32\WindowsPowerShell\v1.0;C:\WINDOWS\System32\OpenSSH;D:\Git\cmd;D:\Program Files\nodejs;D:\Program Files\php-8.1.3;C:\Program Files\Docker\Docker\resources\bin;C:\ProgramData\DockerDesktop\version-bin;C:\Users\User\AppData\Local\Microsoft\WindowsApps;D:\Microsoft VS Code\bin;C:\Users\User\AppData\Local\GitHubDesktop\bin;C:\Users\User\AppData\Local\gitkraken\bin;C:\Users\User\AppData\Roaming\npm
USERNAME=User
DISPLAY=:0.0
LC_ALL=en_US.UTF-8
OS=Windows_NT
PROCESSOR_IDENTIFIER=AMD64 Family 21 Model 2 Stepping 0, AuthenticAMD



---------------  S Y S T E M  ---------------

OS: Windows 10 , 64 bit Build 19041 (10.0.19041.1706)
OS uptime: 6 days 15:19 hours
Hyper-V role detected

CPU:total 8 (initial active 8) (8 cores per cpu, 1 threads per core) family 21 model 2 stepping 0 microcode 0x0, cmov, cx8, fxsr, mmx, sse, sse2, sse3, ssse3, sse4.1, sse4.2, popcnt, avx, aes, clmul, mmxext, 3dnowpref, lzcnt, sse4a, tsc, tscinvbit, tscinv, bmi1, fma

Memory: 4k page, system-wide physical 16282M (4636M free)
TotalPageFile size 23361M (AvailPageFile size 104M)
current process WorkingSet (physical memory assigned to process): 10M, peak: 10M
current process commit charge ("private bytes"): 60M, peak: 316M

vm_info: OpenJDK 64-Bit Server VM (11.0.11+9-b1504.16) for windows-amd64 JRE (11.0.11+9-b1504.16), built on Aug  9 2021 01:34:19 by "" with MS VC++ 14.0 (VS2015)

END.
